<?xml version="1.0" encoding="UTF-8"?>
<testsuite name="com.bns.onm.springboot.web.PostsApiControllerTest" tests="2" skipped="0" failures="0" errors="0" timestamp="2020-11-16T14:09:02" hostname="DESKTOP-O5VNPPL" time="0.066">
  <properties/>
  <testcase name="Posts_등록된다" classname="com.bns.onm.springboot.web.PostsApiControllerTest" time="0.048"/>
  <testcase name="Posts_수정된다" classname="com.bns.onm.springboot.web.PostsApiControllerTest" time="0.018"/>
  <system-out><![CDATA[2020-11-16 23:09:02.845  INFO 1120 --- [    Test worker] .b.t.c.SpringBootTestContextBootstrapper : Neither @ContextConfiguration nor @ContextHierarchy found for test class [com.bns.onm.springboot.web.PostsApiControllerTest], using SpringBootContextLoader
2020-11-16 23:09:02.846  INFO 1120 --- [    Test worker] o.s.t.c.support.AbstractContextLoader    : Could not detect default resource locations for test class [com.bns.onm.springboot.web.PostsApiControllerTest]: no resource found for suffixes {-context.xml, Context.groovy}.
2020-11-16 23:09:02.846  INFO 1120 --- [    Test worker] t.c.s.AnnotationConfigContextLoaderUtils : Could not detect default configuration classes for test class [com.bns.onm.springboot.web.PostsApiControllerTest]: PostsApiControllerTest does not declare any static, non-private, non-final, nested classes annotated with @Configuration.
2020-11-16 23:09:02.847  INFO 1120 --- [    Test worker] .b.t.c.SpringBootTestContextBootstrapper : Found @SpringBootConfiguration com.bns.onm.springboot.Application for test class com.bns.onm.springboot.web.PostsApiControllerTest
2020-11-16 23:09:02.848  INFO 1120 --- [    Test worker] .b.t.c.SpringBootTestContextBootstrapper : Loaded default TestExecutionListener class names from location [META-INF/spring.factories]: [org.springframework.security.test.context.support.WithSecurityContextTestExecutionListener, org.springframework.security.test.context.support.ReactorContextTestExecutionListener, org.springframework.boot.test.autoconfigure.restdocs.RestDocsTestExecutionListener, org.springframework.boot.test.autoconfigure.web.client.MockRestServiceServerResetTestExecutionListener, org.springframework.boot.test.autoconfigure.web.servlet.MockMvcPrintOnlyOnFailureTestExecutionListener, org.springframework.boot.test.autoconfigure.web.servlet.WebDriverTestExecutionListener, org.springframework.boot.test.mock.mockito.MockitoTestExecutionListener, org.springframework.boot.test.mock.mockito.ResetMocksTestExecutionListener, org.springframework.test.context.web.ServletTestExecutionListener, org.springframework.test.context.support.DirtiesContextBeforeModesTestExecutionListener, org.springframework.test.context.support.DependencyInjectionTestExecutionListener, org.springframework.test.context.support.DirtiesContextTestExecutionListener, org.springframework.test.context.transaction.TransactionalTestExecutionListener, org.springframework.test.context.jdbc.SqlScriptsTestExecutionListener]
2020-11-16 23:09:02.848  INFO 1120 --- [    Test worker] .b.t.c.SpringBootTestContextBootstrapper : Using TestExecutionListeners: [org.springframework.test.context.web.ServletTestExecutionListener@5393f9b4, org.springframework.test.context.support.DirtiesContextBeforeModesTestExecutionListener@79f6c0cc, org.springframework.boot.test.mock.mockito.MockitoTestExecutionListener@eccf149, org.springframework.boot.test.autoconfigure.SpringBootDependencyInjectionTestExecutionListener@264a48f2, org.springframework.test.context.support.DirtiesContextTestExecutionListener@6ad85bd6, org.springframework.test.context.transaction.TransactionalTestExecutionListener@256706e1, org.springframework.test.context.jdbc.SqlScriptsTestExecutionListener@4c48fdbd, org.springframework.security.test.context.support.WithSecurityContextTestExecutionListener@38b1211e, org.springframework.security.test.context.support.ReactorContextTestExecutionListener@101fdb35, org.springframework.boot.test.autoconfigure.restdocs.RestDocsTestExecutionListener@d5287d9, org.springframework.boot.test.autoconfigure.web.client.MockRestServiceServerResetTestExecutionListener@6fc36db, org.springframework.boot.test.autoconfigure.web.servlet.MockMvcPrintOnlyOnFailureTestExecutionListener@37745ecb, org.springframework.boot.test.autoconfigure.web.servlet.WebDriverTestExecutionListener@595ced63, org.springframework.boot.test.mock.mockito.ResetMocksTestExecutionListener@40a9d5de]
2020-11-16 23:09:02.853  INFO 1120 --- [    Test worker] o.a.c.c.C.[Tomcat].[localhost].[/]       : Initializing Spring TestDispatcherServlet ''
2020-11-16 23:09:02.853  INFO 1120 --- [    Test worker] o.s.t.web.servlet.TestDispatcherServlet  : Initializing Servlet ''
2020-11-16 23:09:02.855  INFO 1120 --- [    Test worker] o.s.t.web.servlet.TestDispatcherServlet  : Completed initialization in 2 ms
Hibernate: insert into posts (created_date, modified_date, author, content, title) values (?, ?, ?, ?, ?)
Hibernate: select posts0_.id as id1_0_, posts0_.created_date as created_2_0_, posts0_.modified_date as modified3_0_, posts0_.author as author4_0_, posts0_.content as content5_0_, posts0_.title as title6_0_ from posts posts0_
Hibernate: select posts0_.id as id1_0_, posts0_.created_date as created_2_0_, posts0_.modified_date as modified3_0_, posts0_.author as author4_0_, posts0_.content as content5_0_, posts0_.title as title6_0_ from posts posts0_
Hibernate: delete from posts where id=?
2020-11-16 23:09:02.899  INFO 1120 --- [    Test worker] o.a.c.c.C.[Tomcat].[localhost].[/]       : Initializing Spring TestDispatcherServlet ''
2020-11-16 23:09:02.899  INFO 1120 --- [    Test worker] o.s.t.web.servlet.TestDispatcherServlet  : Initializing Servlet ''
2020-11-16 23:09:02.900  INFO 1120 --- [    Test worker] o.s.t.web.servlet.TestDispatcherServlet  : Completed initialization in 1 ms
Hibernate: insert into posts (created_date, modified_date, author, content, title) values (?, ?, ?, ?, ?)
Hibernate: select posts0_.id as id1_0_0_, posts0_.created_date as created_2_0_0_, posts0_.modified_date as modified3_0_0_, posts0_.author as author4_0_0_, posts0_.content as content5_0_0_, posts0_.title as title6_0_0_ from posts posts0_ where posts0_.id=?
Hibernate: update posts set created_date=?, modified_date=?, author=?, content=?, title=? where id=?
Hibernate: select posts0_.id as id1_0_, posts0_.created_date as created_2_0_, posts0_.modified_date as modified3_0_, posts0_.author as author4_0_, posts0_.content as content5_0_, posts0_.title as title6_0_ from posts posts0_
Hibernate: select posts0_.id as id1_0_, posts0_.created_date as created_2_0_, posts0_.modified_date as modified3_0_, posts0_.author as author4_0_, posts0_.content as content5_0_, posts0_.title as title6_0_ from posts posts0_
Hibernate: delete from posts where id=?
]]></system-out>
  <system-err><![CDATA[]]></system-err>
</testsuite>
