<?xml version="1.0" encoding="UTF-8"?>
<testsuite name="com.bns.onm.springboot.web.HelloControllerTest" tests="2" skipped="0" failures="0" errors="0" timestamp="2020-11-16T14:09:01" hostname="DESKTOP-O5VNPPL" time="0.108">
  <properties/>
  <testcase name="hello가_리턴된다" classname="com.bns.onm.springboot.web.HelloControllerTest" time="0.054"/>
  <testcase name="helloDto가_리턴된다" classname="com.bns.onm.springboot.web.HelloControllerTest" time="0.053"/>
  <system-out><![CDATA[2020-11-16 23:09:00.679  INFO 1120 --- [    Test worker] .b.t.a.w.s.WebMvcTestContextBootstrapper : Neither @ContextConfiguration nor @ContextHierarchy found for test class [com.bns.onm.springboot.web.HelloControllerTest], using SpringBootContextLoader
2020-11-16 23:09:00.680  INFO 1120 --- [    Test worker] o.s.t.c.support.AbstractContextLoader    : Could not detect default resource locations for test class [com.bns.onm.springboot.web.HelloControllerTest]: no resource found for suffixes {-context.xml, Context.groovy}.
2020-11-16 23:09:00.680  INFO 1120 --- [    Test worker] t.c.s.AnnotationConfigContextLoaderUtils : Could not detect default configuration classes for test class [com.bns.onm.springboot.web.HelloControllerTest]: HelloControllerTest does not declare any static, non-private, non-final, nested classes annotated with @Configuration.
2020-11-16 23:09:00.698  INFO 1120 --- [    Test worker] .b.t.c.SpringBootTestContextBootstrapper : Found @SpringBootConfiguration com.bns.onm.springboot.Application for test class com.bns.onm.springboot.web.HelloControllerTest
2020-11-16 23:09:00.698  INFO 1120 --- [    Test worker] .b.t.a.w.s.WebMvcTestContextBootstrapper : Loaded default TestExecutionListener class names from location [META-INF/spring.factories]: [org.springframework.security.test.context.support.WithSecurityContextTestExecutionListener, org.springframework.security.test.context.support.ReactorContextTestExecutionListener, org.springframework.boot.test.autoconfigure.restdocs.RestDocsTestExecutionListener, org.springframework.boot.test.autoconfigure.web.client.MockRestServiceServerResetTestExecutionListener, org.springframework.boot.test.autoconfigure.web.servlet.MockMvcPrintOnlyOnFailureTestExecutionListener, org.springframework.boot.test.autoconfigure.web.servlet.WebDriverTestExecutionListener, org.springframework.boot.test.mock.mockito.MockitoTestExecutionListener, org.springframework.boot.test.mock.mockito.ResetMocksTestExecutionListener, org.springframework.test.context.web.ServletTestExecutionListener, org.springframework.test.context.support.DirtiesContextBeforeModesTestExecutionListener, org.springframework.test.context.support.DependencyInjectionTestExecutionListener, org.springframework.test.context.support.DirtiesContextTestExecutionListener, org.springframework.test.context.transaction.TransactionalTestExecutionListener, org.springframework.test.context.jdbc.SqlScriptsTestExecutionListener]
2020-11-16 23:09:00.699  INFO 1120 --- [    Test worker] .b.t.a.w.s.WebMvcTestContextBootstrapper : Using TestExecutionListeners: [org.springframework.test.context.web.ServletTestExecutionListener@9d08002, org.springframework.test.context.support.DirtiesContextBeforeModesTestExecutionListener@2a3156b, org.springframework.boot.test.mock.mockito.MockitoTestExecutionListener@26835379, org.springframework.boot.test.autoconfigure.SpringBootDependencyInjectionTestExecutionListener@3fc3a098, org.springframework.test.context.support.DirtiesContextTestExecutionListener@321ef7f2, org.springframework.test.context.transaction.TransactionalTestExecutionListener@288ca497, org.springframework.test.context.jdbc.SqlScriptsTestExecutionListener@14282264, org.springframework.security.test.context.support.WithSecurityContextTestExecutionListener@364d9719, org.springframework.security.test.context.support.ReactorContextTestExecutionListener@73a95745, org.springframework.boot.test.autoconfigure.restdocs.RestDocsTestExecutionListener@3e4cedbb, org.springframework.boot.test.autoconfigure.web.client.MockRestServiceServerResetTestExecutionListener@6ba2d314, org.springframework.boot.test.autoconfigure.web.servlet.MockMvcPrintOnlyOnFailureTestExecutionListener@310d6426, org.springframework.boot.test.autoconfigure.web.servlet.WebDriverTestExecutionListener@8271e3d, org.springframework.boot.test.mock.mockito.ResetMocksTestExecutionListener@515f1bb7]

  .   ____          _            __ _ _
 /\\ / ___'_ __ _ _(_)_ __  __ _ \ \ \ \
( ( )\___ | '_ | '_| | '_ \/ _` | \ \ \ \
 \\/  ___)| |_)| | | | | || (_| |  ) ) ) )
  '  |____| .__|_| |_|_| |_\__, | / / / /
 =========|_|==============|___/=/_/_/_/
 :: Spring Boot ::        (v2.1.7.RELEASE)

2020-11-16 23:09:00.720  INFO 1120 --- [    Test worker] c.b.o.s.web.HelloControllerTest          : Starting HelloControllerTest on DESKTOP-O5VNPPL with PID 1120 (started by dkdlw in C:\Users\dkdlw\IdeaProjects\webservice)
2020-11-16 23:09:00.721  INFO 1120 --- [    Test worker] c.b.o.s.web.HelloControllerTest          : No active profile set, falling back to default profiles: default
2020-11-16 23:09:01.013  INFO 1120 --- [    Test worker] o.s.s.concurrent.ThreadPoolTaskExecutor  : Initializing ExecutorService 'applicationTaskExecutor'
2020-11-16 23:09:01.035  INFO 1120 --- [    Test worker] o.s.b.a.w.s.WelcomePageHandlerMapping    : Adding welcome page template: index
2020-11-16 23:09:01.190  INFO 1120 --- [    Test worker] .s.s.UserDetailsServiceAutoConfiguration : 

Using generated security password: 39004a80-9f1f-41be-8ebd-b09bc53e0ffa

2020-11-16 23:09:01.280  INFO 1120 --- [    Test worker] o.s.s.web.DefaultSecurityFilterChain     : Creating filter chain: any request, [org.springframework.security.web.context.request.async.WebAsyncManagerIntegrationFilter@33c0b490, org.springframework.security.web.context.SecurityContextPersistenceFilter@7143c411, org.springframework.security.web.header.HeaderWriterFilter@3859136e, org.springframework.security.web.csrf.CsrfFilter@28539a34, org.springframework.security.web.authentication.logout.LogoutFilter@17d70d57, org.springframework.security.web.authentication.UsernamePasswordAuthenticationFilter@7528f474, org.springframework.security.web.authentication.ui.DefaultLoginPageGeneratingFilter@1d189974, org.springframework.security.web.authentication.ui.DefaultLogoutPageGeneratingFilter@39601485, org.springframework.security.web.authentication.www.BasicAuthenticationFilter@70b0d310, org.springframework.security.web.savedrequest.RequestCacheAwareFilter@1cd7dee0, org.springframework.security.web.servletapi.SecurityContextHolderAwareRequestFilter@6ce56c77, org.springframework.security.web.authentication.AnonymousAuthenticationFilter@4f3e68ea, org.springframework.security.web.session.SessionManagementFilter@c6fac6b, org.springframework.security.web.access.ExceptionTranslationFilter@4b14cdb4, org.springframework.security.web.access.intercept.FilterSecurityInterceptor@54fbe9fe]
2020-11-16 23:09:01.302  INFO 1120 --- [    Test worker] o.s.b.t.m.w.SpringBootMockServletContext : Initializing Spring TestDispatcherServlet ''
2020-11-16 23:09:01.302  INFO 1120 --- [    Test worker] o.s.t.web.servlet.TestDispatcherServlet  : Initializing Servlet ''
2020-11-16 23:09:01.310  INFO 1120 --- [    Test worker] o.s.t.web.servlet.TestDispatcherServlet  : Completed initialization in 8 ms
2020-11-16 23:09:01.327  INFO 1120 --- [    Test worker] c.b.o.s.web.HelloControllerTest          : Started HelloControllerTest in 0.627 seconds (JVM running for 5.81)
2020-11-16 23:09:01.364  INFO 1120 --- [    Test worker] c.b.onm.springboot.web.HelloController   : Req Param Value : hello
]]></system-out>
  <system-err><![CDATA[]]></system-err>
</testsuite>
