<?xml version="1.0" encoding="UTF-8"?>
<testsuite name="com.bns.onm.springboot.web.HelloControllerTest" tests="2" skipped="0" failures="0" errors="0" timestamp="2020-12-17T15:08:35" hostname="DESKTOP-GJL4VJC" time="0.117">
  <properties/>
  <testcase name="hello가_리턴된다" classname="com.bns.onm.springboot.web.HelloControllerTest" time="0.059"/>
  <testcase name="helloDto가_리턴된다" classname="com.bns.onm.springboot.web.HelloControllerTest" time="0.058"/>
  <system-out><![CDATA[2020-12-18 00:08:34.452  INFO 952 --- [    Test worker] .b.t.a.w.s.WebMvcTestContextBootstrapper : Neither @ContextConfiguration nor @ContextHierarchy found for test class [com.bns.onm.springboot.web.HelloControllerTest], using SpringBootContextLoader
2020-12-18 00:08:34.453  INFO 952 --- [    Test worker] o.s.t.c.support.AbstractContextLoader    : Could not detect default resource locations for test class [com.bns.onm.springboot.web.HelloControllerTest]: no resource found for suffixes {-context.xml, Context.groovy}.
2020-12-18 00:08:34.453  INFO 952 --- [    Test worker] t.c.s.AnnotationConfigContextLoaderUtils : Could not detect default configuration classes for test class [com.bns.onm.springboot.web.HelloControllerTest]: HelloControllerTest does not declare any static, non-private, non-final, nested classes annotated with @Configuration.
2020-12-18 00:08:34.470  INFO 952 --- [    Test worker] .b.t.c.SpringBootTestContextBootstrapper : Found @SpringBootConfiguration com.bns.onm.springboot.Application for test class com.bns.onm.springboot.web.HelloControllerTest
2020-12-18 00:08:34.471  INFO 952 --- [    Test worker] .b.t.a.w.s.WebMvcTestContextBootstrapper : Loaded default TestExecutionListener class names from location [META-INF/spring.factories]: [org.springframework.security.test.context.support.WithSecurityContextTestExecutionListener, org.springframework.security.test.context.support.ReactorContextTestExecutionListener, org.springframework.boot.test.autoconfigure.restdocs.RestDocsTestExecutionListener, org.springframework.boot.test.autoconfigure.web.client.MockRestServiceServerResetTestExecutionListener, org.springframework.boot.test.autoconfigure.web.servlet.MockMvcPrintOnlyOnFailureTestExecutionListener, org.springframework.boot.test.autoconfigure.web.servlet.WebDriverTestExecutionListener, org.springframework.boot.test.mock.mockito.MockitoTestExecutionListener, org.springframework.boot.test.mock.mockito.ResetMocksTestExecutionListener, org.springframework.test.context.web.ServletTestExecutionListener, org.springframework.test.context.support.DirtiesContextBeforeModesTestExecutionListener, org.springframework.test.context.support.DependencyInjectionTestExecutionListener, org.springframework.test.context.support.DirtiesContextTestExecutionListener, org.springframework.test.context.transaction.TransactionalTestExecutionListener, org.springframework.test.context.jdbc.SqlScriptsTestExecutionListener]
2020-12-18 00:08:34.471  INFO 952 --- [    Test worker] .b.t.a.w.s.WebMvcTestContextBootstrapper : Using TestExecutionListeners: [org.springframework.test.context.web.ServletTestExecutionListener@1b82cf42, org.springframework.test.context.support.DirtiesContextBeforeModesTestExecutionListener@2b24843d, org.springframework.boot.test.mock.mockito.MockitoTestExecutionListener@7f43ac7, org.springframework.boot.test.autoconfigure.SpringBootDependencyInjectionTestExecutionListener@5f8f3b3d, org.springframework.test.context.support.DirtiesContextTestExecutionListener@527a1751, org.springframework.test.context.transaction.TransactionalTestExecutionListener@5d70744f, org.springframework.test.context.jdbc.SqlScriptsTestExecutionListener@7b745f24, org.springframework.security.test.context.support.WithSecurityContextTestExecutionListener@5d04d5a4, org.springframework.security.test.context.support.ReactorContextTestExecutionListener@5f4681ca, org.springframework.boot.test.autoconfigure.restdocs.RestDocsTestExecutionListener@14a4461, org.springframework.boot.test.autoconfigure.web.client.MockRestServiceServerResetTestExecutionListener@581eb613, org.springframework.boot.test.autoconfigure.web.servlet.MockMvcPrintOnlyOnFailureTestExecutionListener@23ccf141, org.springframework.boot.test.autoconfigure.web.servlet.WebDriverTestExecutionListener@486f7c23, org.springframework.boot.test.mock.mockito.ResetMocksTestExecutionListener@1b555003]

  .   ____          _            __ _ _
 /\\ / ___'_ __ _ _(_)_ __  __ _ \ \ \ \
( ( )\___ | '_ | '_| | '_ \/ _` | \ \ \ \
 \\/  ___)| |_)| | | | | || (_| |  ) ) ) )
  '  |____| .__|_| |_|_| |_\__, | / / / /
 =========|_|==============|___/=/_/_/_/
 :: Spring Boot ::        (v2.1.7.RELEASE)

2020-12-18 00:08:34.501  INFO 952 --- [    Test worker] c.b.o.s.web.HelloControllerTest          : Starting HelloControllerTest on DESKTOP-GJL4VJC with PID 952 (started by Get in C:\Users\Get\IdeaProjects\webservice)
2020-12-18 00:08:34.501  INFO 952 --- [    Test worker] c.b.o.s.web.HelloControllerTest          : No active profile set, falling back to default profiles: default
2020-12-18 00:08:34.828  INFO 952 --- [    Test worker] o.s.s.concurrent.ThreadPoolTaskExecutor  : Initializing ExecutorService 'applicationTaskExecutor'
2020-12-18 00:08:34.859  INFO 952 --- [    Test worker] o.s.b.a.w.s.WelcomePageHandlerMapping    : Adding welcome page template: index
2020-12-18 00:08:34.996  INFO 952 --- [    Test worker] .s.s.UserDetailsServiceAutoConfiguration : 

Using generated security password: dfc31a5a-d74e-4692-9603-d92918c8eca2

2020-12-18 00:08:35.104  INFO 952 --- [    Test worker] o.s.s.web.DefaultSecurityFilterChain     : Creating filter chain: any request, [org.springframework.security.web.context.request.async.WebAsyncManagerIntegrationFilter@74891e5, org.springframework.security.web.context.SecurityContextPersistenceFilter@523162e7, org.springframework.security.web.header.HeaderWriterFilter@1d204fa9, org.springframework.security.web.csrf.CsrfFilter@14a7354b, org.springframework.security.web.authentication.logout.LogoutFilter@6d317c70, org.springframework.security.web.authentication.UsernamePasswordAuthenticationFilter@20a84257, org.springframework.security.web.authentication.ui.DefaultLoginPageGeneratingFilter@39437c10, org.springframework.security.web.authentication.ui.DefaultLogoutPageGeneratingFilter@5343c686, org.springframework.security.web.authentication.www.BasicAuthenticationFilter@4e474d2c, org.springframework.security.web.savedrequest.RequestCacheAwareFilter@17d1b009, org.springframework.security.web.servletapi.SecurityContextHolderAwareRequestFilter@813f85d, org.springframework.security.web.authentication.AnonymousAuthenticationFilter@2719cfef, org.springframework.security.web.session.SessionManagementFilter@30003c2b, org.springframework.security.web.access.ExceptionTranslationFilter@1f8b45c5, org.springframework.security.web.access.intercept.FilterSecurityInterceptor@6ea7f047]
2020-12-18 00:08:35.130  INFO 952 --- [    Test worker] o.s.b.t.m.w.SpringBootMockServletContext : Initializing Spring TestDispatcherServlet ''
2020-12-18 00:08:35.130  INFO 952 --- [    Test worker] o.s.t.web.servlet.TestDispatcherServlet  : Initializing Servlet ''
2020-12-18 00:08:35.138  INFO 952 --- [    Test worker] o.s.t.web.servlet.TestDispatcherServlet  : Completed initialization in 8 ms
2020-12-18 00:08:35.159  INFO 952 --- [    Test worker] c.b.o.s.web.HelloControllerTest          : Started HelloControllerTest in 0.685 seconds (JVM running for 6.782)
2020-12-18 00:08:35.201  INFO 952 --- [    Test worker] c.b.onm.springboot.web.HelloController   : Req Param Value : hello
]]></system-out>
  <system-err><![CDATA[]]></system-err>
</testsuite>
