<?xml version="1.0" encoding="UTF-8"?>
<testsuite name="com.bns.onm.springboot.web.IndexControllerTest" tests="1" skipped="0" failures="0" errors="0" timestamp="2020-12-17T15:08:36" hostname="DESKTOP-GJL4VJC" time="0.131">
  <properties/>
  <testcase name="메인페이지_로딩" classname="com.bns.onm.springboot.web.IndexControllerTest" time="0.131"/>
  <system-out><![CDATA[2020-12-18 00:08:35.280  INFO 952 --- [    Test worker] .b.t.c.SpringBootTestContextBootstrapper : Neither @ContextConfiguration nor @ContextHierarchy found for test class [com.bns.onm.springboot.web.IndexControllerTest], using SpringBootContextLoader
2020-12-18 00:08:35.280  INFO 952 --- [    Test worker] o.s.t.c.support.AbstractContextLoader    : Could not detect default resource locations for test class [com.bns.onm.springboot.web.IndexControllerTest]: no resource found for suffixes {-context.xml, Context.groovy}.
2020-12-18 00:08:35.280  INFO 952 --- [    Test worker] t.c.s.AnnotationConfigContextLoaderUtils : Could not detect default configuration classes for test class [com.bns.onm.springboot.web.IndexControllerTest]: IndexControllerTest does not declare any static, non-private, non-final, nested classes annotated with @Configuration.
2020-12-18 00:08:35.282  INFO 952 --- [    Test worker] .b.t.c.SpringBootTestContextBootstrapper : Found @SpringBootConfiguration com.bns.onm.springboot.Application for test class com.bns.onm.springboot.web.IndexControllerTest
2020-12-18 00:08:35.282  INFO 952 --- [    Test worker] .b.t.c.SpringBootTestContextBootstrapper : Loaded default TestExecutionListener class names from location [META-INF/spring.factories]: [org.springframework.security.test.context.support.WithSecurityContextTestExecutionListener, org.springframework.security.test.context.support.ReactorContextTestExecutionListener, org.springframework.boot.test.autoconfigure.restdocs.RestDocsTestExecutionListener, org.springframework.boot.test.autoconfigure.web.client.MockRestServiceServerResetTestExecutionListener, org.springframework.boot.test.autoconfigure.web.servlet.MockMvcPrintOnlyOnFailureTestExecutionListener, org.springframework.boot.test.autoconfigure.web.servlet.WebDriverTestExecutionListener, org.springframework.boot.test.mock.mockito.MockitoTestExecutionListener, org.springframework.boot.test.mock.mockito.ResetMocksTestExecutionListener, org.springframework.test.context.web.ServletTestExecutionListener, org.springframework.test.context.support.DirtiesContextBeforeModesTestExecutionListener, org.springframework.test.context.support.DependencyInjectionTestExecutionListener, org.springframework.test.context.support.DirtiesContextTestExecutionListener, org.springframework.test.context.transaction.TransactionalTestExecutionListener, org.springframework.test.context.jdbc.SqlScriptsTestExecutionListener]
2020-12-18 00:08:35.283  INFO 952 --- [    Test worker] .b.t.c.SpringBootTestContextBootstrapper : Using TestExecutionListeners: [org.springframework.test.context.web.ServletTestExecutionListener@7390f459, org.springframework.test.context.support.DirtiesContextBeforeModesTestExecutionListener@3d776075, org.springframework.boot.test.mock.mockito.MockitoTestExecutionListener@63a0950e, org.springframework.boot.test.autoconfigure.SpringBootDependencyInjectionTestExecutionListener@36a7ae0f, org.springframework.test.context.support.DirtiesContextTestExecutionListener@42e1b6be, org.springframework.test.context.transaction.TransactionalTestExecutionListener@4493125f, org.springframework.test.context.jdbc.SqlScriptsTestExecutionListener@237ce726, org.springframework.security.test.context.support.WithSecurityContextTestExecutionListener@2820e290, org.springframework.security.test.context.support.ReactorContextTestExecutionListener@67bbe56c, org.springframework.boot.test.autoconfigure.restdocs.RestDocsTestExecutionListener@3be6022e, org.springframework.boot.test.autoconfigure.web.client.MockRestServiceServerResetTestExecutionListener@7f6797a3, org.springframework.boot.test.autoconfigure.web.servlet.MockMvcPrintOnlyOnFailureTestExecutionListener@50fcdebd, org.springframework.boot.test.autoconfigure.web.servlet.WebDriverTestExecutionListener@68d4c14b, org.springframework.boot.test.mock.mockito.ResetMocksTestExecutionListener@6328590d]

  .   ____          _            __ _ _
 /\\ / ___'_ __ _ _(_)_ __  __ _ \ \ \ \
( ( )\___ | '_ | '_| | '_ \/ _` | \ \ \ \
 \\/  ___)| |_)| | | | | || (_| |  ) ) ) )
  '  |____| .__|_| |_|_| |_\__, | / / / /
 =========|_|==============|___/=/_/_/_/
 :: Spring Boot ::        (v2.1.7.RELEASE)

2020-12-18 00:08:35.308  INFO 952 --- [    Test worker] c.b.o.s.web.IndexControllerTest          : Starting IndexControllerTest on DESKTOP-GJL4VJC with PID 952 (started by Get in C:\Users\Get\IdeaProjects\webservice)
2020-12-18 00:08:35.308  INFO 952 --- [    Test worker] c.b.o.s.web.IndexControllerTest          : No active profile set, falling back to default profiles: default
2020-12-18 00:08:35.453  INFO 952 --- [    Test worker] .s.d.r.c.RepositoryConfigurationDelegate : Bootstrapping Spring Data repositories in DEFAULT mode.
2020-12-18 00:08:35.470  INFO 952 --- [    Test worker] .s.d.r.c.RepositoryConfigurationDelegate : Finished Spring Data repository scanning in 17ms. Found 2 repository interfaces.
2020-12-18 00:08:35.536  INFO 952 --- [    Test worker] trationDelegate$BeanPostProcessorChecker : Bean 'org.springframework.transaction.annotation.ProxyTransactionManagementConfiguration' of type [org.springframework.transaction.annotation.ProxyTransactionManagementConfiguration$$EnhancerBySpringCGLIB$$1b974236] is not eligible for getting processed by all BeanPostProcessors (for example: not eligible for auto-proxying)
2020-12-18 00:08:35.720  INFO 952 --- [    Test worker] o.s.b.w.embedded.tomcat.TomcatWebServer  : Tomcat initialized with port(s): 0 (http)
2020-12-18 00:08:35.744  INFO 952 --- [    Test worker] o.apache.catalina.core.StandardService   : Starting service [Tomcat]
2020-12-18 00:08:35.744  INFO 952 --- [    Test worker] org.apache.catalina.core.StandardEngine  : Starting Servlet engine: [Apache Tomcat/9.0.22]
2020-12-18 00:08:35.866  INFO 952 --- [    Test worker] o.a.c.c.C.[Tomcat].[localhost].[/]       : Initializing Spring embedded WebApplicationContext
2020-12-18 00:08:35.866  INFO 952 --- [    Test worker] o.s.web.context.ContextLoader            : Root WebApplicationContext: initialization completed in 556 ms
2020-12-18 00:08:35.975  INFO 952 --- [    Test worker] com.zaxxer.hikari.HikariDataSource       : HikariPool-2 - Starting...
2020-12-18 00:08:35.976  INFO 952 --- [    Test worker] com.zaxxer.hikari.HikariDataSource       : HikariPool-2 - Start completed.
2020-12-18 00:08:36.000  INFO 952 --- [    Test worker] o.hibernate.jpa.internal.util.LogHelper  : HHH000204: Processing PersistenceUnitInfo [
	name: default
	...]
2020-12-18 00:08:36.007  INFO 952 --- [    Test worker] org.hibernate.dialect.Dialect            : HHH000400: Using dialect: org.hibernate.dialect.MySQL5InnoDBDialect
Hibernate: drop table if exists posts
Hibernate: drop table if exists user
Hibernate: create table posts (id bigint not null auto_increment, created_date datetime, modified_date datetime, author varchar(255), content TEXT not null, title varchar(500) not null, primary key (id)) engine=InnoDB
Hibernate: create table user (id bigint not null auto_increment, created_date datetime, modified_date datetime, email varchar(255) not null, name varchar(255) not null, picture varchar(255), role varchar(255) not null, primary key (id)) engine=InnoDB
2020-12-18 00:08:36.045  INFO 952 --- [    Test worker] o.h.t.schema.internal.SchemaCreatorImpl  : HHH000476: Executing import script 'org.hibernate.tool.schema.internal.exec.ScriptSourceInputNonExistentImpl@19f96675'
2020-12-18 00:08:36.045  INFO 952 --- [    Test worker] j.LocalContainerEntityManagerFactoryBean : Initialized JPA EntityManagerFactory for persistence unit 'default'
2020-12-18 00:08:36.287  INFO 952 --- [    Test worker] o.h.h.i.QueryTranslatorFactoryInitiator  : HHH000397: Using ASTQueryTranslatorFactory
2020-12-18 00:08:36.393  INFO 952 --- [    Test worker] o.s.s.web.DefaultSecurityFilterChain     : Creating filter chain: any request, [org.springframework.security.web.context.request.async.WebAsyncManagerIntegrationFilter@5663a19d, org.springframework.security.web.context.SecurityContextPersistenceFilter@3b9f44b2, org.springframework.security.web.header.HeaderWriterFilter@463608c9, org.springframework.security.web.authentication.logout.LogoutFilter@77426b79, org.springframework.security.oauth2.client.web.OAuth2AuthorizationRequestRedirectFilter@54f10e8e, org.springframework.security.oauth2.client.web.OAuth2LoginAuthenticationFilter@641ee1ba, org.springframework.security.web.authentication.ui.DefaultLoginPageGeneratingFilter@363903d8, org.springframework.security.web.authentication.ui.DefaultLogoutPageGeneratingFilter@616af9fb, org.springframework.security.web.savedrequest.RequestCacheAwareFilter@146e802d, org.springframework.security.web.servletapi.SecurityContextHolderAwareRequestFilter@6268a229, org.springframework.security.web.authentication.AnonymousAuthenticationFilter@3d331e26, org.springframework.security.web.session.SessionManagementFilter@5c411884, org.springframework.security.web.access.ExceptionTranslationFilter@7f51571, org.springframework.security.web.access.intercept.FilterSecurityInterceptor@515cdc46]
2020-12-18 00:08:36.520  INFO 952 --- [    Test worker] o.s.s.concurrent.ThreadPoolTaskExecutor  : Initializing ExecutorService 'applicationTaskExecutor'
2020-12-18 00:08:36.530  WARN 952 --- [    Test worker] aWebConfiguration$JpaWebMvcConfiguration : spring.jpa.open-in-view is enabled by default. Therefore, database queries may be performed during view rendering. Explicitly configure spring.jpa.open-in-view to disable this warning
2020-12-18 00:08:36.549  INFO 952 --- [    Test worker] o.s.b.a.w.s.WelcomePageHandlerMapping    : Adding welcome page template: index
2020-12-18 00:08:36.733  INFO 952 --- [    Test worker] s.a.ScheduledAnnotationBeanPostProcessor : No TaskScheduler/ScheduledExecutorService bean found for scheduled processing
2020-12-18 00:08:36.748  INFO 952 --- [    Test worker] o.s.b.w.embedded.tomcat.TomcatWebServer  : Tomcat started on port(s): 3058 (http) with context path ''
2020-12-18 00:08:36.749  INFO 952 --- [    Test worker] c.b.o.s.web.IndexControllerTest          : Started IndexControllerTest in 1.465 seconds (JVM running for 8.371)
2020-12-18 00:08:36.815  INFO 952 --- [o-auto-1-exec-1] o.a.c.c.C.[Tomcat].[localhost].[/]       : Initializing Spring DispatcherServlet 'dispatcherServlet'
2020-12-18 00:08:36.815  INFO 952 --- [o-auto-1-exec-1] o.s.web.servlet.DispatcherServlet        : Initializing Servlet 'dispatcherServlet'
2020-12-18 00:08:36.830  INFO 952 --- [o-auto-1-exec-1] o.s.web.servlet.DispatcherServlet        : Completed initialization in 15 ms
Hibernate: select posts0_.id as id1_0_, posts0_.created_date as created_2_0_, posts0_.modified_date as modified3_0_, posts0_.author as author4_0_, posts0_.content as content5_0_, posts0_.title as title6_0_ from posts posts0_ order by posts0_.id DESC
]]></system-out>
  <system-err><![CDATA[]]></system-err>
</testsuite>
