<?xml version="1.0" encoding="UTF-8"?>
<testsuite name="com.bns.onm.springboot.domain.posts.PostsRepositoryTest" tests="2" skipped="0" failures="0" errors="0" timestamp="2020-11-16T14:09:00" hostname="DESKTOP-O5VNPPL" time="0.199">
  <properties/>
  <testcase name="게시글저장_불러오기" classname="com.bns.onm.springboot.domain.posts.PostsRepositoryTest" time="0.192"/>
  <testcase name="BaseTimeEntity_등록" classname="com.bns.onm.springboot.domain.posts.PostsRepositoryTest" time="0.007"/>
  <system-out><![CDATA[23:08:55.987 [Test worker] DEBUG org.springframework.test.context.junit4.SpringJUnit4ClassRunner - SpringJUnit4ClassRunner constructor called with [class com.bns.onm.springboot.domain.posts.PostsRepositoryTest]
23:08:55.993 [Test worker] DEBUG org.springframework.test.context.BootstrapUtils - Instantiating CacheAwareContextLoaderDelegate from class [org.springframework.test.context.cache.DefaultCacheAwareContextLoaderDelegate]
23:08:55.999 [Test worker] DEBUG org.springframework.test.context.BootstrapUtils - Instantiating BootstrapContext using constructor [public org.springframework.test.context.support.DefaultBootstrapContext(java.lang.Class,org.springframework.test.context.CacheAwareContextLoaderDelegate)]
23:08:56.011 [Test worker] DEBUG org.springframework.test.context.BootstrapUtils - Instantiating TestContextBootstrapper for test class [com.bns.onm.springboot.domain.posts.PostsRepositoryTest] from class [org.springframework.boot.test.context.SpringBootTestContextBootstrapper]
23:08:56.021 [Test worker] INFO org.springframework.boot.test.context.SpringBootTestContextBootstrapper - Neither @ContextConfiguration nor @ContextHierarchy found for test class [com.bns.onm.springboot.domain.posts.PostsRepositoryTest], using SpringBootContextLoader
23:08:56.024 [Test worker] DEBUG org.springframework.test.context.support.AbstractContextLoader - Did not detect default resource location for test class [com.bns.onm.springboot.domain.posts.PostsRepositoryTest]: class path resource [com/bns/onm/springboot/domain/posts/PostsRepositoryTest-context.xml] does not exist
23:08:56.024 [Test worker] DEBUG org.springframework.test.context.support.AbstractContextLoader - Did not detect default resource location for test class [com.bns.onm.springboot.domain.posts.PostsRepositoryTest]: class path resource [com/bns/onm/springboot/domain/posts/PostsRepositoryTestContext.groovy] does not exist
23:08:56.024 [Test worker] INFO org.springframework.test.context.support.AbstractContextLoader - Could not detect default resource locations for test class [com.bns.onm.springboot.domain.posts.PostsRepositoryTest]: no resource found for suffixes {-context.xml, Context.groovy}.
23:08:56.025 [Test worker] INFO org.springframework.test.context.support.AnnotationConfigContextLoaderUtils - Could not detect default configuration classes for test class [com.bns.onm.springboot.domain.posts.PostsRepositoryTest]: PostsRepositoryTest does not declare any static, non-private, non-final, nested classes annotated with @Configuration.
23:08:56.058 [Test worker] DEBUG org.springframework.test.context.support.ActiveProfilesUtils - Could not find an 'annotation declaring class' for annotation type [org.springframework.test.context.ActiveProfiles] and class [com.bns.onm.springboot.domain.posts.PostsRepositoryTest]
23:08:56.118 [Test worker] DEBUG org.springframework.context.annotation.ClassPathScanningCandidateComponentProvider - Identified candidate component class: file [C:\Users\dkdlw\IdeaProjects\webservice\build\classes\java\main\com\bns\onm\springboot\Application.class]
23:08:56.119 [Test worker] INFO org.springframework.boot.test.context.SpringBootTestContextBootstrapper - Found @SpringBootConfiguration com.bns.onm.springboot.Application for test class com.bns.onm.springboot.domain.posts.PostsRepositoryTest
23:08:56.194 [Test worker] DEBUG org.springframework.boot.test.context.SpringBootTestContextBootstrapper - @TestExecutionListeners is not present for class [com.bns.onm.springboot.domain.posts.PostsRepositoryTest]: using defaults.
23:08:56.195 [Test worker] INFO org.springframework.boot.test.context.SpringBootTestContextBootstrapper - Loaded default TestExecutionListener class names from location [META-INF/spring.factories]: [org.springframework.security.test.context.support.WithSecurityContextTestExecutionListener, org.springframework.security.test.context.support.ReactorContextTestExecutionListener, org.springframework.boot.test.autoconfigure.restdocs.RestDocsTestExecutionListener, org.springframework.boot.test.autoconfigure.web.client.MockRestServiceServerResetTestExecutionListener, org.springframework.boot.test.autoconfigure.web.servlet.MockMvcPrintOnlyOnFailureTestExecutionListener, org.springframework.boot.test.autoconfigure.web.servlet.WebDriverTestExecutionListener, org.springframework.boot.test.mock.mockito.MockitoTestExecutionListener, org.springframework.boot.test.mock.mockito.ResetMocksTestExecutionListener, org.springframework.test.context.web.ServletTestExecutionListener, org.springframework.test.context.support.DirtiesContextBeforeModesTestExecutionListener, org.springframework.test.context.support.DependencyInjectionTestExecutionListener, org.springframework.test.context.support.DirtiesContextTestExecutionListener, org.springframework.test.context.transaction.TransactionalTestExecutionListener, org.springframework.test.context.jdbc.SqlScriptsTestExecutionListener]
23:08:56.211 [Test worker] INFO org.springframework.boot.test.context.SpringBootTestContextBootstrapper - Using TestExecutionListeners: [org.springframework.test.context.web.ServletTestExecutionListener@10f8d50d, org.springframework.test.context.support.DirtiesContextBeforeModesTestExecutionListener@194867bb, org.springframework.boot.test.mock.mockito.MockitoTestExecutionListener@2f19f3d, org.springframework.boot.test.autoconfigure.SpringBootDependencyInjectionTestExecutionListener@3d6a94d, org.springframework.test.context.support.DirtiesContextTestExecutionListener@55504487, org.springframework.test.context.transaction.TransactionalTestExecutionListener@fff9429, org.springframework.test.context.jdbc.SqlScriptsTestExecutionListener@179ea9c, org.springframework.security.test.context.support.WithSecurityContextTestExecutionListener@3753a73f, org.springframework.security.test.context.support.ReactorContextTestExecutionListener@6070a92e, org.springframework.boot.test.autoconfigure.restdocs.RestDocsTestExecutionListener@13dd27d5, org.springframework.boot.test.autoconfigure.web.client.MockRestServiceServerResetTestExecutionListener@5dbe1238, org.springframework.boot.test.autoconfigure.web.servlet.MockMvcPrintOnlyOnFailureTestExecutionListener@777e3cef, org.springframework.boot.test.autoconfigure.web.servlet.WebDriverTestExecutionListener@12a2d2f7, org.springframework.boot.test.mock.mockito.ResetMocksTestExecutionListener@683bacf9]
23:08:56.213 [Test worker] DEBUG org.springframework.test.annotation.ProfileValueUtils - Retrieved @ProfileValueSourceConfiguration [null] for test class [com.bns.onm.springboot.domain.posts.PostsRepositoryTest]
23:08:56.214 [Test worker] DEBUG org.springframework.test.annotation.ProfileValueUtils - Retrieved ProfileValueSource type [class org.springframework.test.annotation.SystemProfileValueSource] for class [com.bns.onm.springboot.domain.posts.PostsRepositoryTest]
23:08:56.214 [Test worker] DEBUG org.springframework.test.annotation.ProfileValueUtils - Retrieved @ProfileValueSourceConfiguration [null] for test class [com.bns.onm.springboot.domain.posts.PostsRepositoryTest]
23:08:56.214 [Test worker] DEBUG org.springframework.test.annotation.ProfileValueUtils - Retrieved ProfileValueSource type [class org.springframework.test.annotation.SystemProfileValueSource] for class [com.bns.onm.springboot.domain.posts.PostsRepositoryTest]
23:08:56.217 [Test worker] DEBUG org.springframework.test.context.support.AbstractDirtiesContextTestExecutionListener - Before test class: context [DefaultTestContext@74e954c7 testClass = PostsRepositoryTest, testInstance = [null], testMethod = [null], testException = [null], mergedContextConfiguration = [WebMergedContextConfiguration@a358079 testClass = PostsRepositoryTest, locations = '{}', classes = '{class com.bns.onm.springboot.Application}', contextInitializerClasses = '[]', activeProfiles = '{}', propertySourceLocations = '{}', propertySourceProperties = '{org.springframework.boot.test.context.SpringBootTestContextBootstrapper=true}', contextCustomizers = set[org.springframework.boot.test.autoconfigure.properties.PropertyMappingContextCustomizer@0, org.springframework.boot.test.autoconfigure.web.servlet.WebDriverContextCustomizerFactory$Customizer@3d43ecfa, org.springframework.boot.test.context.filter.ExcludeFilterContextCustomizer@27905be3, org.springframework.boot.test.json.DuplicateJsonObjectContextCustomizerFactory$DuplicateJsonObjectContextCustomizer@390b0ae1, org.springframework.boot.test.mock.mockito.MockitoContextCustomizer@0, org.springframework.boot.test.web.client.TestRestTemplateContextCustomizer@22697897], resourceBasePath = 'src/main/webapp', contextLoader = 'org.springframework.boot.test.context.SpringBootContextLoader', parent = [null]], attributes = map['org.springframework.test.context.web.ServletTestExecutionListener.activateListener' -> true]], class annotated with @DirtiesContext [false] with mode [null].
23:08:56.218 [Test worker] DEBUG org.springframework.test.annotation.ProfileValueUtils - Retrieved @ProfileValueSourceConfiguration [null] for test class [com.bns.onm.springboot.domain.posts.PostsRepositoryTest]
23:08:56.218 [Test worker] DEBUG org.springframework.test.annotation.ProfileValueUtils - Retrieved ProfileValueSource type [class org.springframework.test.annotation.SystemProfileValueSource] for class [com.bns.onm.springboot.domain.posts.PostsRepositoryTest]
23:08:56.233 [Test worker] DEBUG org.springframework.test.context.support.TestPropertySourceUtils - Adding inlined properties to environment: {spring.jmx.enabled=false, org.springframework.boot.test.context.SpringBootTestContextBootstrapper=true, server.port=-1}

  .   ____          _            __ _ _
 /\\ / ___'_ __ _ _(_)_ __  __ _ \ \ \ \
( ( )\___ | '_ | '_| | '_ \/ _` | \ \ \ \
 \\/  ___)| |_)| | | | | || (_| |  ) ) ) )
  '  |____| .__|_| |_|_| |_\__, | / / / /
 =========|_|==============|___/=/_/_/_/
 :: Spring Boot ::        (v2.1.7.RELEASE)

2020-11-16 23:08:56.415  INFO 1120 --- [    Test worker] c.b.o.s.d.posts.PostsRepositoryTest      : Starting PostsRepositoryTest on DESKTOP-O5VNPPL with PID 1120 (started by dkdlw in C:\Users\dkdlw\IdeaProjects\webservice)
2020-11-16 23:08:56.416  INFO 1120 --- [    Test worker] c.b.o.s.d.posts.PostsRepositoryTest      : No active profile set, falling back to default profiles: default
2020-11-16 23:08:57.032  INFO 1120 --- [    Test worker] .s.d.r.c.RepositoryConfigurationDelegate : Bootstrapping Spring Data repositories in DEFAULT mode.
2020-11-16 23:08:57.091  INFO 1120 --- [    Test worker] .s.d.r.c.RepositoryConfigurationDelegate : Finished Spring Data repository scanning in 52ms. Found 2 repository interfaces.
2020-11-16 23:08:57.457  INFO 1120 --- [    Test worker] trationDelegate$BeanPostProcessorChecker : Bean 'org.springframework.transaction.annotation.ProxyTransactionManagementConfiguration' of type [org.springframework.transaction.annotation.ProxyTransactionManagementConfiguration$$EnhancerBySpringCGLIB$$de14643] is not eligible for getting processed by all BeanPostProcessors (for example: not eligible for auto-proxying)
2020-11-16 23:08:57.593  INFO 1120 --- [    Test worker] com.zaxxer.hikari.HikariDataSource       : HikariPool-1 - Starting...
2020-11-16 23:08:57.717  INFO 1120 --- [    Test worker] com.zaxxer.hikari.HikariDataSource       : HikariPool-1 - Start completed.
2020-11-16 23:08:57.779  INFO 1120 --- [    Test worker] o.hibernate.jpa.internal.util.LogHelper  : HHH000204: Processing PersistenceUnitInfo [
	name: default
	...]
2020-11-16 23:08:57.834  INFO 1120 --- [    Test worker] org.hibernate.Version                    : HHH000412: Hibernate Core {5.3.10.Final}
2020-11-16 23:08:57.835  INFO 1120 --- [    Test worker] org.hibernate.cfg.Environment            : HHH000206: hibernate.properties not found
2020-11-16 23:08:57.959  INFO 1120 --- [    Test worker] o.hibernate.annotations.common.Version   : HCANN000001: Hibernate Commons Annotations {5.0.4.Final}
2020-11-16 23:08:58.078  INFO 1120 --- [    Test worker] org.hibernate.dialect.Dialect            : HHH000400: Using dialect: org.hibernate.dialect.MySQL5InnoDBDialect
Hibernate: drop table if exists posts
Hibernate: drop table if exists user
Hibernate: create table posts (id bigint not null auto_increment, created_date datetime, modified_date datetime, author varchar(255), content TEXT not null, title varchar(500) not null, primary key (id)) engine=InnoDB
Hibernate: create table user (id bigint not null auto_increment, created_date datetime, modified_date datetime, email varchar(255) not null, name varchar(255) not null, picture varchar(255), role varchar(255) not null, primary key (id)) engine=InnoDB
2020-11-16 23:08:58.617  INFO 1120 --- [    Test worker] o.h.t.schema.internal.SchemaCreatorImpl  : HHH000476: Executing import script 'org.hibernate.tool.schema.internal.exec.ScriptSourceInputNonExistentImpl@472cca41'
2020-11-16 23:08:58.619  INFO 1120 --- [    Test worker] j.LocalContainerEntityManagerFactoryBean : Initialized JPA EntityManagerFactory for persistence unit 'default'
2020-11-16 23:08:59.013  INFO 1120 --- [    Test worker] o.h.h.i.QueryTranslatorFactoryInitiator  : HHH000397: Using ASTQueryTranslatorFactory
2020-11-16 23:08:59.470  INFO 1120 --- [    Test worker] o.s.s.web.DefaultSecurityFilterChain     : Creating filter chain: any request, [org.springframework.security.web.context.request.async.WebAsyncManagerIntegrationFilter@b4cfc4d, org.springframework.security.web.context.SecurityContextPersistenceFilter@5002a9e4, org.springframework.security.web.header.HeaderWriterFilter@e56533f, org.springframework.security.web.authentication.logout.LogoutFilter@78ee6cc9, org.springframework.security.oauth2.client.web.OAuth2AuthorizationRequestRedirectFilter@5a305bc6, org.springframework.security.oauth2.client.web.OAuth2LoginAuthenticationFilter@523801e9, org.springframework.security.web.authentication.ui.DefaultLoginPageGeneratingFilter@293ff824, org.springframework.security.web.authentication.ui.DefaultLogoutPageGeneratingFilter@1a1ffea3, org.springframework.security.web.savedrequest.RequestCacheAwareFilter@41641f4e, org.springframework.security.web.servletapi.SecurityContextHolderAwareRequestFilter@758f26e0, org.springframework.security.web.authentication.AnonymousAuthenticationFilter@6419f8cc, org.springframework.security.web.session.SessionManagementFilter@145e4b3e, org.springframework.security.web.access.ExceptionTranslationFilter@581cc0d7, org.springframework.security.web.access.intercept.FilterSecurityInterceptor@54011dbc]
2020-11-16 23:08:59.888  INFO 1120 --- [    Test worker] o.s.s.concurrent.ThreadPoolTaskExecutor  : Initializing ExecutorService 'applicationTaskExecutor'
2020-11-16 23:08:59.938  WARN 1120 --- [    Test worker] aWebConfiguration$JpaWebMvcConfiguration : spring.jpa.open-in-view is enabled by default. Therefore, database queries may be performed during view rendering. Explicitly configure spring.jpa.open-in-view to disable this warning
2020-11-16 23:08:59.978  INFO 1120 --- [    Test worker] o.s.b.a.w.s.WelcomePageHandlerMapping    : Adding welcome page template: index
2020-11-16 23:09:00.443  INFO 1120 --- [    Test worker] s.a.ScheduledAnnotationBeanPostProcessor : No TaskScheduler/ScheduledExecutorService bean found for scheduled processing
2020-11-16 23:09:00.453  INFO 1120 --- [    Test worker] c.b.o.s.d.posts.PostsRepositoryTest      : Started PostsRepositoryTest in 4.214 seconds (JVM running for 4.936)
Hibernate: insert into posts (created_date, modified_date, author, content, title) values (?, ?, ?, ?, ?)
Hibernate: select posts0_.id as id1_0_, posts0_.created_date as created_2_0_, posts0_.modified_date as modified3_0_, posts0_.author as author4_0_, posts0_.content as content5_0_, posts0_.title as title6_0_ from posts posts0_
Hibernate: select posts0_.id as id1_0_, posts0_.created_date as created_2_0_, posts0_.modified_date as modified3_0_, posts0_.author as author4_0_, posts0_.content as content5_0_, posts0_.title as title6_0_ from posts posts0_
Hibernate: delete from posts where id=?
Hibernate: insert into posts (created_date, modified_date, author, content, title) values (?, ?, ?, ?, ?)
Hibernate: select posts0_.id as id1_0_, posts0_.created_date as created_2_0_, posts0_.modified_date as modified3_0_, posts0_.author as author4_0_, posts0_.content as content5_0_, posts0_.title as title6_0_ from posts posts0_
>>>>>>>>> createDate : 2020-11-16T23:09:00.665, modifiedDate : 2020-11-16T23:09:00.665Hibernate: select posts0_.id as id1_0_, posts0_.created_date as created_2_0_, posts0_.modified_date as modified3_0_, posts0_.author as author4_0_, posts0_.content as content5_0_, posts0_.title as title6_0_ from posts posts0_
Hibernate: delete from posts where id=?
]]></system-out>
  <system-err><![CDATA[]]></system-err>
</testsuite>
